$GPZDA,201530.00,04,07,2002,00,00*60
$GPVTG,054.7,T,034.4,M,005.5,N,010.2,K*48
$GPZDA,201530.00,04,07,2002,00,00*60
$GPZDA,201530.00,04,07,2002,00,00*60
$GPZDA,201530.00,04,07,2002,00,00*60
$GPZDA,201530.00,04,07,2002,00,00*60
$GPZDA,201530.00,04,07,2002,00,00*60
$GPVTG,054.7,T,034.4,M,005.5,N,010.2,K*48
$GPZDA,201530.00,04,07,2002,00,00*60
$GPZDA,201530.00,04,07,2002,00,00*60
$GPZDA,201530.00,04,07,2002,00,00*60
$GPZDA,201530.00,04,07,2002,00,00*60
$GPZDA,201530.00,04,07,2002,00,00*60
$GPZDA,201530.00,04,07,2002,00,00*60
$GPZDA,201530.00,04,07,2002,00,00*60
$GPZDA,201530.00,04,07,2002,00,00*60
$GPZDA,201530.00,04,07,2002,00,00*60
$GPVTG,054.7,T,034.4,M,005.5,N,010.2,K*48
$GPZDA,201530.00,04,07,2002,00,00*60
$GPZDA,201530.00,04,07,2002,00,00*60
$GPZDA,201530.00,04,07,2002,00,00*60
$GPZDA,201530.00,04,07,2002,00,00*60
$GPZDA,201530.00,04,07,2002,00,00*60
$GPMSK,318.0,A,100,M,2*45
$GPZDA,201530.00,04,07,2002,00,00*60
$GPZDA,201530.00,04,07,2002,00,00*60
$GPZDA,201530.00,04,07,2002,00,00*60
$GPZDA,201530.00,04,07,2002,00,00*60
$GPZDA,201530.00,04,07,2002,00,00*60
$GPZDA,201530.00,04,07,2002,00,00*60
$GPZDA,201530.00,04,07,2002,00,00*60
$GPZDA,201530.00,04,07,2002,00,00*60
$GPZDA,201530.00,04,07,2002,00,00*60
$GPZDA,201530.00,04,07,2002,00,00*60
$GPZDA,201530.00,04,07,2002,00,00*60
$GPZDA,201530.00,04,07,2002,00,00*60
$GPZDA,201530.00,04,07,2002,00,00*60
$GPMSK,318.0,A,100,M,2*45
$GPZDA,201530.00,04,07,2002,00,00*60
$GPZDA,201530.00,04,07,2002,00,00*60
$GPZDA,201530.00,04,07,2002,00,00*60
